<?xml version="1.0" encoding="UTF-8"?>
<!-- Generated by org.testng.reporters.JUnitXMLReporter -->
<testsuite ignored="2" hostname="DESKTOP-8C0LO3K" failures="0" tests="1" name="Default test" time="0.049" errors="0" timestamp="2024-03-12T20:37:50 IST">
  <testcase classname="testNG.WebTesting" name="lasttest" time="0.004"/>
  <testcase classname="testNG.WebTesting" name="secondWebTest" time="0.0">
    <ignored/>
  </testcase> <!-- secondWebTest -->
  <testcase classname="testNG.WebTesting" name="firstWebTest" time="0.0">
    <ignored/>
  </testcase> <!-- firstWebTest -->
</testsuite> <!-- Default test -->
