<?xml version="1.0" encoding="UTF-8"?>
<!-- Generated by org.testng.reporters.JUnitXMLReporter -->
<testsuite ignored="0" hostname="DESKTOP-8C0LO3K" failures="0" tests="3" name="Default test" time="0.254" errors="0" timestamp="2024-02-27T20:02:59 IST">
  <testcase classname="dataProviders.LearnDataProviders" name="myfirstTest" time="0.027"/>
  <testcase classname="dataProviders.LearnDataProviders" name="myfirstTest" time="0.003"/>
  <testcase classname="dataProviders.LearnDataProviders" name="myfirstTest" time="0.002"/>
</testsuite> <!-- Default test -->
