<?xml version="1.0" encoding="UTF-8"?>
<!-- Generated by org.testng.reporters.JUnitXMLReporter -->
<testsuite ignored="0" hostname="DESKTOP-8C0LO3K" failures="0" tests="5" name="Test" time="0.047" errors="0" timestamp="2024-02-27T19:45:44 IST">
  <testcase classname="testNG.WebTesting" name="firstWebTest" time="0.006"/>
  <testcase classname="testNG.WebTesting" name="secondWebTest" time="0.001"/>
  <testcase classname="testNG.WebTesting" name="lasttest" time="0.002"/>
  <testcase classname="testNG.MobileTesting" name="firstMobileTest" time="0.001"/>
  <testcase classname="testNG.MobileTesting" name="secondMobileTest" time="0.001"/>
</testsuite> <!-- Test -->
