<?xml version="1.0" encoding="UTF-8"?>
<!-- Generated by org.testng.reporters.JUnitXMLReporter -->
<testsuite ignored="0" hostname="DESKTOP-8C0LO3K" failures="0" tests="3" name="WebTesting" time="0.567" errors="0" timestamp="2024-02-29T20:42:12 IST">
  <testcase classname="testNG.WebTesting" name="firstWebTest" time="0.035"/>
  <testcase classname="testNG.WebTesting" name="secondWebTest" time="0.025"/>
  <testcase classname="testNG.WebTesting" name="lasttest" time="0.005"/>
</testsuite> <!-- WebTesting -->
