<?xml version="1.0" encoding="UTF-8"?>
<!-- Generated by org.testng.reporters.JUnitXMLReporter -->
<testsuite ignored="0" hostname="DESKTOP-8C0LO3K" failures="0" tests="3" name="WebTesting" time="0.042" errors="0" timestamp="2024-02-26T20:41:38 IST">
  <testcase classname="testNG.WebTesting" name="firstWebTest" time="0.004"/>
  <testcase classname="testNG.WebTesting" name="secondWebTest" time="0.0"/>
  <testcase classname="testNG.WebTesting" name="lasttest" time="0.0"/>
</testsuite> <!-- WebTesting -->
