<?xml version="1.0" encoding="UTF-8"?>
<testng-results ignored="0" total="3" passed="3" failed="0" skipped="0">
  <reporter-output>
  </reporter-output>
  <suite started-at="2024-02-27T20:02:59 IST" name="Default suite" finished-at="2024-02-27T20:02:59 IST" duration-ms="254">
    <groups>
    </groups>
    <test started-at="2024-02-27T20:02:59 IST" name="Default test" finished-at="2024-02-27T20:02:59 IST" duration-ms="254">
      <class name="dataProviders.LearnDataProviders">
        <test-method signature="myfirstTest(java.lang.String,java.lang.String)[pri:0, instance:dataProviders.LearnDataProviders@74f0ea28]" started-at="2024-02-27T20:02:59 IST" name="myfirstTest" data-provider="getData" finished-at="2024-02-27T20:02:59 IST" duration-ms="27" status="PASS">
          <params>
            <param index="0">
              <value>
                <![CDATA[Nisyy]]>
              </value>
            </param>
            <param index="1">
              <value>
                <![CDATA[Chakko]]>
              </value>
            </param>
          </params>
          <reporter-output>
          </reporter-output>
        </test-method> <!-- myfirstTest -->
        <test-method signature="myfirstTest(java.lang.String,java.lang.String)[pri:0, instance:dataProviders.LearnDataProviders@74f0ea28]" started-at="2024-02-27T20:02:59 IST" name="myfirstTest" data-provider="getData" finished-at="2024-02-27T20:02:59 IST" duration-ms="3" status="PASS">
          <params>
            <param index="0">
              <value>
                <![CDATA[Remya]]>
              </value>
            </param>
            <param index="1">
              <value>
                <![CDATA[Parippayi]]>
              </value>
            </param>
          </params>
          <reporter-output>
          </reporter-output>
        </test-method> <!-- myfirstTest -->
        <test-method signature="myfirstTest(java.lang.String,java.lang.String)[pri:0, instance:dataProviders.LearnDataProviders@74f0ea28]" started-at="2024-02-27T20:02:59 IST" name="myfirstTest" data-provider="getData" finished-at="2024-02-27T20:02:59 IST" duration-ms="2" status="PASS">
          <params>
            <param index="0">
              <value>
                <![CDATA[Maninder]]>
              </value>
            </param>
            <param index="1">
              <value>
                <![CDATA[Singh]]>
              </value>
            </param>
          </params>
          <reporter-output>
          </reporter-output>
        </test-method> <!-- myfirstTest -->
      </class> <!-- dataProviders.LearnDataProviders -->
    </test> <!-- Default test -->
  </suite> <!-- Default suite -->
</testng-results>
