<?xml version="1.0" encoding="UTF-8"?>
<testng-results ignored="2" total="3" passed="1" failed="0" skipped="0">
  <reporter-output>
  </reporter-output>
  <suite started-at="2024-03-12T20:37:50 IST" name="Default suite" finished-at="2024-03-12T20:37:50 IST" duration-ms="49">
    <groups>
      <group name="Regression">
        <method signature="WebTesting.lasttest()[pri:1, instance:testNG.WebTesting@55182842]" name="lasttest" class="testNG.WebTesting"/>
      </group> <!-- Regression -->
    </groups>
    <test started-at="2024-03-12T20:37:50 IST" name="Default test" finished-at="2024-03-12T20:37:50 IST" duration-ms="49">
      <class name="testNG.WebTesting">
        <test-method is-config="true" signature="beforeSuite()[pri:0, instance:testNG.WebTesting@55182842]" started-at="2024-03-12T20:37:50 IST" name="beforeSuite" finished-at="2024-03-12T20:37:50 IST" duration-ms="7" status="PASS">
          <reporter-output>
          </reporter-output>
        </test-method> <!-- beforeSuite -->
        <test-method is-config="true" signature="beforeTest()[pri:0, instance:testNG.WebTesting@55182842]" started-at="2024-03-12T20:37:50 IST" name="beforeTest" finished-at="2024-03-12T20:37:50 IST" duration-ms="0" status="PASS">
          <reporter-output>
          </reporter-output>
        </test-method> <!-- beforeTest -->
        <test-method signature="lasttest()[pri:1, instance:testNG.WebTesting@55182842]" started-at="2024-03-12T20:37:50 IST" name="lasttest" finished-at="2024-03-12T20:37:50 IST" duration-ms="4" status="PASS">
          <reporter-output>
          </reporter-output>
        </test-method> <!-- lasttest -->
        <test-method is-config="true" signature="afterTest()[pri:0, instance:testNG.WebTesting@55182842]" started-at="2024-03-12T20:37:50 IST" name="afterTest" finished-at="2024-03-12T20:37:50 IST" duration-ms="0" status="PASS">
          <reporter-output>
          </reporter-output>
        </test-method> <!-- afterTest -->
        <test-method is-config="true" signature="afterSuite()[pri:0, instance:testNG.WebTesting@55182842]" started-at="2024-03-12T20:37:50 IST" name="afterSuite" finished-at="2024-03-12T20:37:50 IST" duration-ms="0" status="PASS">
          <reporter-output>
          </reporter-output>
        </test-method> <!-- afterSuite -->
      </class> <!-- testNG.WebTesting -->
    </test> <!-- Default test -->
  </suite> <!-- Default suite -->
</testng-results>
